e:\深度学习教程\16.opencv_qt5_视频剪辑器\8.批量合并软件\src\project\release\xvideowidget.obj
e:\深度学习教程\16.opencv_qt5_视频剪辑器\8.批量合并软件\src\project\release\xvideoui.obj
e:\深度学习教程\16.opencv_qt5_视频剪辑器\8.批量合并软件\src\project\release\xvideothread.obj
e:\深度学习教程\16.opencv_qt5_视频剪辑器\8.批量合并软件\src\project\release\ximagepro.obj
e:\深度学习教程\16.opencv_qt5_视频剪辑器\8.批量合并软件\src\project\release\xfilter.obj
e:\深度学习教程\16.opencv_qt5_视频剪辑器\8.批量合并软件\src\project\release\xaudio.obj
e:\深度学习教程\16.opencv_qt5_视频剪辑器\8.批量合并软件\src\project\release\main.obj
e:\深度学习教程\16.opencv_qt5_视频剪辑器\8.批量合并软件\src\project\release\moc_xvideowidget.obj
e:\深度学习教程\16.opencv_qt5_视频剪辑器\8.批量合并软件\src\project\release\moc_xvideoui.obj
e:\深度学习教程\16.opencv_qt5_视频剪辑器\8.批量合并软件\src\project\release\moc_xvideothread.obj
e:\深度学习教程\16.opencv_qt5_视频剪辑器\8.批量合并软件\src\project\release\browsedir.obj
e:\深度学习教程\16.opencv_qt5_视频剪辑器\8.批量合并软件\src\project\release\qrc_xvideoui.obj
e:\深度学习教程\16.opencv_qt5_视频剪辑器\8.批量合并软件\src\project\generatedfiles\release\moc_xvideoui.cpp
e:\深度学习教程\16.opencv_qt5_视频剪辑器\8.批量合并软件\src\project\generatedfiles\ui_xvideoui.h
e:\深度学习教程\16.opencv_qt5_视频剪辑器\8.批量合并软件\src\project\generatedfiles\release\moc_xvideothread.cpp
e:\深度学习教程\16.opencv_qt5_视频剪辑器\8.批量合并软件\src\project\generatedfiles\release\moc_xvideowidget.cpp
e:\深度学习教程\16.opencv_qt5_视频剪辑器\8.批量合并软件\src\project\generatedfiles\qrc_xvideoui.cpp
e:\深度学习教程\16.opencv_qt5_视频剪辑器\8.批量合并软件\release_bin\xvideoedit.exe
e:\深度学习教程\16.opencv_qt5_视频剪辑器\8.批量合并软件\src\project\release\consoleapplication1.pdb
e:\深度学习教程\16.opencv_qt5_视频剪辑器\8.批量合并软件\src\project\..\..\release_bin\xvideoedit.exe
e:\深度学习教程\16.opencv_qt5_视频剪辑器\8.批量合并软件\src\project\release\xvideoedit.tlog\cl.command.1.tlog
e:\深度学习教程\16.opencv_qt5_视频剪辑器\8.批量合并软件\src\project\release\xvideoedit.tlog\cl.read.1.tlog
e:\深度学习教程\16.opencv_qt5_视频剪辑器\8.批量合并软件\src\project\release\xvideoedit.tlog\cl.write.1.tlog
e:\深度学习教程\16.opencv_qt5_视频剪辑器\8.批量合并软件\src\project\release\xvideoedit.tlog\custombuild.command.1.tlog
e:\深度学习教程\16.opencv_qt5_视频剪辑器\8.批量合并软件\src\project\release\xvideoedit.tlog\custombuild.read.1.tlog
e:\深度学习教程\16.opencv_qt5_视频剪辑器\8.批量合并软件\src\project\release\xvideoedit.tlog\custombuild.write.1.tlog
e:\深度学习教程\16.opencv_qt5_视频剪辑器\8.批量合并软件\src\project\release\xvideoedit.tlog\link.command.1.tlog
e:\深度学习教程\16.opencv_qt5_视频剪辑器\8.批量合并软件\src\project\release\xvideoedit.tlog\link.read.1.tlog
e:\深度学习教程\16.opencv_qt5_视频剪辑器\8.批量合并软件\src\project\release\xvideoedit.tlog\link.write.1.tlog
